[19:40:03] [main/INFO]: Loading Minecraft 1.20.1 with Fabric Loader 0.16.9
[19:40:04] [ForkJoinPool-1-worker-1/WARN]: Mod betterdogs_dtn uses the version ${version} which isn't compatible with Loader's extended semantic version format (Could not parse version number component '${version}'!), SemVer is recommended for reliably evaluating dependencies and prioritizing newer version
[19:40:04] [ForkJoinPool-1-worker-1/WARN]: Mod betterdogs_dtn uses the version ${version} which isn't compatible with Loader's extended semantic version format (Could not parse version number component '${version}'!), SemVer is recommended for reliably evaluating dependencies and prioritizing newer version
[19:40:04] [ForkJoinPool-1-worker-1/WARN]: The mod "dungeons_arise" contains invalid entries in its mod json:
- Unsupported root entry "credits" at line 12 column 12
[19:40:05] [main/WARN]: Warnings were found!
 - Mod 'SimplySkills' (simplyskills) 1.7.1+1.20.1 recommends version 1.4.2+1.20.1 or later of amethyst_core, which is missing!
	 - You should install version 1.4.2+1.20.1 or later of amethyst_core for the optimal experience.
 - Mod 'Spellblades and Such' (spellbladenext) 1.21.3+1.20.1 recommends version 1.2.0+1.20.1 of mod 'Paladins & Priests (RPG Series)' (paladins), but only the wrong version is present: 1.3.1+1.20.1!
	 - You should install version 1.2.0+1.20.1 of mod 'Paladins & Priests (RPG Series)' (paladins) for the optimal experience.
[19:40:05] [main/INFO]: Loading 229 mods:
	- almanac 1.0.2
	- alternate-current 1.9.0
	- amendments 1.20-1.2.12
	- appleskin 2.5.1+mc1.20
	- archers 1.2.5+1.20.1
	   |-- com_github_zsoltmolnarrr_tinyconfig 2.3.2
	   |-- ranged_weapon_api 1.1.0+1.20.1
	   \-- structure_pool_api 1.0+1.20.1
	- architectury 9.2.14
	- artifacts 9.5.13
	   |-- cardinal-components-base 5.2.2
	   |-- cardinal-components-entity 5.2.2
	   |-- expandability 9.0.4
	   \-- step-height-entity-attribute 1.2.0
	- assortedlib 3.0.2
	- assortedtools 10.0.3
	- automobility 0.4.2+1.20.1-fabric
	   \-- jsonem 0.2.1+1.20
	- azurelib 2.0.39
	- azurelibarmor 2.0.12
	- balm-fabric 7.3.9
	   \-- kuma_api 20.1.8
	- bettercombat 1.8.6+1.20.1
	- betterdogs_dtn ${version}
	- betterfpsdist 1.20.1-6.0
	- bettervillage 3.2.0
	- bookshelf 20.2.13
	- brutalbosses 1.20.1-7.3
	- cardinal-components 5.2.2
	   |-- cardinal-components-block 5.2.2
	   |-- cardinal-components-chunk 5.2.2
	   |-- cardinal-components-item 5.2.2
	   |-- cardinal-components-level 5.2.2
	   |-- cardinal-components-scoreboard 5.2.2
	   \-- cardinal-components-world 5.2.2
	- cloth-config 11.1.136
	   \-- cloth-basic-math 0.6.1
	- clutter 1.20-0.6.0
	- connectivity 1.20.1-5.8
	- coroutil 1.20.1-1.3.7
	- creeperoverhaul 3.0.2
	- cupboard 1.20.1-2.7
	- doggytalents 1.18.32
	- dungeonnowloading 1.5
	- dungeons_arise 2.1.58
	- e4mc_minecraft 5.2.1
	   \-- folk_sisby_kaleido-config 0.3.1+1.3.1
	- eldritch_mobs 1.15.2
	   |-- cardinal-components-base 5.2.2
	   |-- cardinal-components-entity 5.2.2
	   \-- server_translations_api 2.0.0+1.20
	        \-- packet_tweaker 0.4.0+1.19.4
	- emi 1.1.18+1.20.1+fabric
	- emotecraft 2.2.7-b.build.50
	   \-- bendy-lib 4.0.0
	- endermanoverhaul 1.0.4
	- entityculling 1.7.1
	- essential_commands 0.35.3-mc1.20.1
	   |-- ec-core 1.3.0-mc1.20.1
	   |    |-- fabric-permissions-api-v0 0.2-SNAPSHOT
	   |    \-- playerabilitylib 1.8.0
	   |-- fabric-permissions-api-v0 0.2-SNAPSHOT
	   |-- org_yaml_snakeyaml 2.0
	   \-- playerabilitylib 1.8.0
	- explorerscompass 1.20.1-2.2.3-fabric
	- extraspellattributes 1.2.16
	- fabric-api 0.92.2+1.20.1
	   |-- fabric-api-base 0.4.31+1802ada577
	   |-- fabric-api-lookup-api-v1 1.6.36+1802ada577
	   |-- fabric-biome-api-v1 13.0.13+1802ada577
	   |-- fabric-block-api-v1 1.0.11+1802ada577
	   |-- fabric-block-view-api-v2 1.0.1+1802ada577
	   |-- fabric-blockrenderlayer-v1 1.1.41+1802ada577
	   |-- fabric-client-tags-api-v1 1.1.2+1802ada577
	   |-- fabric-command-api-v1 1.2.34+f71b366f77
	   |-- fabric-command-api-v2 2.2.13+1802ada577
	   |-- fabric-commands-v0 0.2.51+df3654b377
	   |-- fabric-containers-v0 0.1.64+df3654b377
	   |-- fabric-content-registries-v0 4.0.11+1802ada577
	   |-- fabric-convention-tags-v1 1.5.5+1802ada577
	   |-- fabric-crash-report-info-v1 0.2.19+1802ada577
	   |-- fabric-data-attachment-api-v1 1.0.0+de0fd6d177
	   |-- fabric-data-generation-api-v1 12.3.4+1802ada577
	   |-- fabric-dimensions-v1 2.1.54+1802ada577
	   |-- fabric-entity-events-v1 1.6.0+1c78457f77
	   |-- fabric-events-interaction-v0 0.6.2+1802ada577
	   |-- fabric-events-lifecycle-v0 0.2.63+df3654b377
	   |-- fabric-game-rule-api-v1 1.0.40+1802ada577
	   |-- fabric-item-api-v1 2.1.28+1802ada577
	   |-- fabric-item-group-api-v1 4.0.12+1802ada577
	   |-- fabric-key-binding-api-v1 1.0.37+1802ada577
	   |-- fabric-keybindings-v0 0.2.35+df3654b377
	   |-- fabric-lifecycle-events-v1 2.2.22+1802ada577
	   |-- fabric-loot-api-v2 1.2.1+1802ada577
	   |-- fabric-loot-tables-v1 1.1.45+9e7660c677
	   |-- fabric-message-api-v1 5.1.9+1802ada577
	   |-- fabric-mining-level-api-v1 2.1.50+1802ada577
	   |-- fabric-model-loading-api-v1 1.0.3+1802ada577
	   |-- fabric-models-v0 0.4.2+9386d8a777
	   |-- fabric-networking-api-v1 1.3.11+1802ada577
	   |-- fabric-networking-v0 0.3.51+df3654b377
	   |-- fabric-object-builder-api-v1 11.1.3+1802ada577
	   |-- fabric-particles-v1 1.1.2+1802ada577
	   |-- fabric-recipe-api-v1 1.0.21+1802ada577
	   |-- fabric-registry-sync-v0 2.3.3+1802ada577
	   |-- fabric-renderer-api-v1 3.2.1+1802ada577
	   |-- fabric-renderer-indigo 1.5.2+85287f9f77
	   |-- fabric-renderer-registries-v1 3.2.46+df3654b377
	   |-- fabric-rendering-data-attachment-v1 0.3.37+92a0d36777
	   |-- fabric-rendering-fluids-v1 3.0.28+1802ada577
	   |-- fabric-rendering-v0 1.1.49+df3654b377
	   |-- fabric-rendering-v1 3.0.8+1802ada577
	   |-- fabric-resource-conditions-api-v1 2.3.8+1802ada577
	   |-- fabric-resource-loader-v0 0.11.10+1802ada577
	   |-- fabric-screen-api-v1 2.0.8+1802ada577
	   |-- fabric-screen-handler-api-v1 1.3.30+1802ada577
	   |-- fabric-sound-api-v1 1.0.13+1802ada577
	   |-- fabric-transfer-api-v1 3.3.5+8dd72ea377
	   \-- fabric-transitive-access-wideners-v1 4.3.1+1802ada577
	- fabricloader 0.16.9
	   \-- mixinextras 0.4.1
	- farmersdelight 1.20.1-2.1.6+refabricated
	   |-- mm 2.3
	   |-- porting_lib_accessors 2.3.4+1.20.1
	   |    \-- porting_lib_core 2.3.4+1.20.1
	   |-- porting_lib_base 2.3.4+1.20.1
	   |    |-- porting_lib_attributes 2.3.4+1.20.1
	   |    |-- porting_lib_common 2.3.4+1.20.1
	   |    |-- porting_lib_core 2.3.4+1.20.1
	   |    |-- porting_lib_entity 2.3.4+1.20.1
	   |    |-- porting_lib_extensions 2.3.4+1.20.1
	   |    |-- porting_lib_fluids 2.3.4+1.20.1
	   |    |-- porting_lib_mixin_extensions 2.3.4+1.20.1
	   |    |-- porting_lib_transfer 2.3.4+1.20.1
	   |    |-- porting_lib_utility 2.3.4+1.20.1
	   |    \-- reach-entity-attributes 2.4.0
	   |-- porting_lib_config 2.3.4+1.20.1
	   |    \-- porting_lib_core 2.3.4+1.20.1
	   |-- porting_lib_lazy_registration 2.3.4+1.20.1
	   |    \-- porting_lib_core 2.3.4+1.20.1
	   |-- porting_lib_loot 2.3.4+1.20.1
	   |    \-- porting_lib_core 2.3.4+1.20.1
	   |-- porting_lib_networking 2.3.4+1.20.1
	   |    \-- porting_lib_core 2.3.4+1.20.1
	   |-- porting_lib_recipe_book_categories 2.3.4+1.20.1
	   |    \-- porting_lib_core 2.3.4+1.20.1
	   |-- porting_lib_tags 3.0
	   |    \-- porting_lib_core 2.3.4+1.20.1
	   \-- porting_lib_tool_actions 2.3.4+1.20.1
	        \-- porting_lib_core 2.3.4+1.20.1
	- fastasyncworldsave 1.20.1-1.9
	- fastload 3.4.0
	   |-- conditional-mixin 0.3.2
	   |-- fastload-119-0-1-2-compat 3.4.0
	   |-- fastload-1193-compat 3.4.0
	   |-- fastload-1194-compat 3.4.0
	   \-- fastload_fapi_forward 1.0.2
	- forgeconfigapiport 8.0.0
	- framework 0.7.11
	   |-- org_javassist_javassist 3.29.2-GA
	   \-- org_reflections_reflections 0.10.2
	- geckolib 4.4.9
	   \-- com_eliotlash_mclib_mclib 20
	- goblintraders 1.9.3
	- graveyard 3.0
	- guardvillagers 2.0.9-1.20.1
	   \-- midnightlib 1.4.1
	- iceandfire 0.7
	   |-- cardinal-components-base 5.2.2
	   |-- cardinal-components-entity 5.2.2
	   \-- fabric-trade-api 0.1.2
	- icterine 1.3.0
	- identity 2.7.1-1.20.1
	   \-- omega-config 1.4.0+1.20.1
	- illagerinvasion 8.0.6
	   \-- extensibleenums 7.0.1
	- jade 11.12.0+fabric
	- java 17
	- jei 15.12.2.51
	- jupiter 2.0
	- kaffees_dual_ride 1.1.0
	- lazydfu 0.1.3
	- letmedespawn 1.4.4
	- libraryferret 4.0.0
	- luckperms 5.4.102
	   \-- fabric-permissions-api-v0 0.2-SNAPSHOT
	- majruszlibrary 7.0.8
	- majruszsdifficulty 1.9.10
	- memoryleakfix 1.1.2
	- minecraft 1.20.1
	- mobtimizations 1.20.1-1.0.0
	- modernfix 5.19.5+mc1.20.1
	- moonlight 1.20-2.13.21
	- mutantmonsters 8.0.7
	   |-- cardinal-components-base 5.2.2
	   |-- cardinal-components-entity 5.2.2
	   \-- extensibleenums 7.0.1
	- naturalist 4.0.3
	- naturescompass 1.20.1-2.2.3-fabric
	- paladins 1.3.1+1.20.1
	   |-- com_github_zsoltmolnarrr_tinyconfig 2.3.2
	   \-- structure_pool_api 1.0+1.20.1
	- player-animator 1.0.2-rc1+1.20
	- polymer-bundled 0.5.20+1.20.1
	   |-- polymer-autohost 0.5.20+1.20.1
	   |-- polymer-blocks 0.5.20+1.20.1
	   |-- polymer-common 0.5.20+1.20.1
	   |    \-- packet_tweaker 0.4.0+1.19.4
	   |-- polymer-core 0.5.20+1.20.1
	   |    |-- polymer-networking 0.5.20+1.20.1
	   |    |    \-- polymer-common 0.5.20+1.20.1
	   |    |         \-- packet_tweaker 0.4.0+1.19.4
	   |    \-- polymer-registry-sync-manipulator 0.5.20+1.20.1
	   |-- polymer-resource-pack 0.5.20+1.20.1
	   |    \-- polymer-common 0.5.20+1.20.1
	   |         \-- packet_tweaker 0.4.0+1.19.4
	   \-- polymer-virtual-entity 0.5.20+1.20.1
	        \-- polymer-common 0.5.20+1.20.1
	             \-- packet_tweaker 0.4.0+1.19.4
	- polymorph 0.49.5+1.20.1
	   \-- spectrelib 0.13.15+1.20.1
	- puffish_attributes 0.6.1
	- puffish_skills 0.14.1
	- puzzleslib 8.1.24
	   \-- puzzlesaccessapi 8.0.7
	- refurbished_furniture 1.0.6
	- resourcefulconfig 2.1.2
	- resourcefullib 2.1.29
	   |-- com_teamresourceful_bytecodecs 1.0.2
	   \-- com_teamresourceful_yabn 1.0.3
	- rogues 1.1.0+1.20.1
	   |-- com_github_zsoltmolnarrr_tinyconfig 2.3.2
	   \-- structure_pool_api 1.0+1.20.1
	- runes 0.9.13+1.20.1
	- shield_api 1.0.1+1.20.1
	- simplyskills 1.7.1+1.20.1
	- simplyswords 1.56.0-1.20.1
	   \-- spruceui 5.0.0+1.20
	- smoothchunk 1.20.1-3.6
	- spell_engine 0.15.11+1.20.1
	   \-- com_github_zsoltmolnarrr_tinyconfig 2.3.2
	- spell_power 0.12.0+1.20.1
	   \-- com_github_zsoltmolnarrr_tinyconfig 2.3.2
	- spellbladenext 1.21.3+1.20.1
	   |-- cardinal-components-base 5.2.2
	   |-- cardinal-components-entity 5.2.2
	   \-- com_github_zsoltmolnarrr_tinyconfig 2.3.2
	- supplementaries 1.20-3.0.6
	   \-- mixinsquared 0.1.1
	- terrablender 3.0.1.7
	   |-- com_electronwill_night-config_core 3.6.7
	   \-- com_electronwill_night-config_toml 3.6.7
	- toolstats 16.0.9
	- trashslot 15.1.0
	- travelersbackpack 9.1.18
	   \-- reach-entity-attributes 2.4.0
	- trinkets 3.7.2
	- universal-graves 3.0.3+1.20.1
	   |-- common-protection-api 1.0.0
	   |-- fabric-permissions-api-v0 0.2-SNAPSHOT
	   |-- placeholder-api 2.1.3+1.20.1
	   |-- predicate-api 0.2.1+1.20.1
	   |-- server_translations_api 2.0.0+1.20
	   |    \-- packet_tweaker 0.4.0+1.19.4
	   \-- sgui 1.2.2+1.20
	- uranus 1.7.1
	   \-- sponsor_core 1.0.0
	- vc_gliders 1.1.6
	   \-- palladiumcore 1.20-2.0.0.0
	- whisperwoods 1.20.1-2.1.2
	- wizards 1.3.0+1.20.1
	   |-- com_github_zsoltmolnarrr_tinyconfig 2.3.2
	   \-- structure_pool_api 1.0+1.20.1
	- xaerominimap 24.6.1
	- xaeroworldmap 1.39.0
	- yet_another_config_lib_v3 3.6.1+1.20.1-fabric
	   |-- com_twelvemonkeys_common_common-image 3.10.0
	   |-- com_twelvemonkeys_common_common-io 3.10.0
	   |-- com_twelvemonkeys_common_common-lang 3.10.0
	   |-- com_twelvemonkeys_imageio_imageio-core 3.10.0
	   |-- com_twelvemonkeys_imageio_imageio-metadata 3.10.0
	   |-- com_twelvemonkeys_imageio_imageio-webp 3.10.0
	   |-- org_quiltmc_parsers_gson 0.2.1
	   \-- org_quiltmc_parsers_json 0.2.1
[19:40:05] [main/INFO]: SpongePowered MIXIN Subsystem Version=0.8.7 Source=file:/workspaces/PibarCube-1.1/servidor_minecraft/libraries/net/fabricmc/sponge-mixin/0.15.4+mixin.0.8.7/sponge-mixin-0.15.4+mixin.0.8.7.jar Service=Knot/Fabric Env=SERVER
[19:40:05] [main/INFO]: Compatibility level set to JAVA_17
[19:40:06] [main/WARN]: Reference map 'coroutil.refmap.json' for coroutil_fabric.mixins.json could not be read. If this is a development environment you can ignore this message
[19:40:06] [main/WARN]: Reference map 'Fastload-1.19.4-Extension-refmap.json' for fastload-1194-compat.mixins.json could not be read. If this is a development environment you can ignore this message
[19:40:06] [main/WARN]: Reference map 'graveyard-FABRIC-fabric-refmap.json' for graveyard-fabric.mixins.json could not be read. If this is a development environment you can ignore this message
[19:40:06] [main/INFO]: Loaded configuration file for ModernFix 5.19.5+mc1.20.1: 61 options available, 0 override(s) found
[19:40:06] [main/INFO]: Applying Nashorn fix
[19:40:06] [main/WARN]: Reference map 'simplyswords-fabric-refmap.json' for simplyswords.mixins.json could not be read. If this is a development environment you can ignore this message
[19:40:07] [main/WARN]: Error loading class: net/minecraft/class_906 (java.lang.ClassNotFoundException: net/minecraft/class_906)
[19:40:07] [main/WARN]: @Mixin target net.minecraft.class_906 was not found porting_lib_tool_actions.mixins.json:FishingHookRendererMixin from mod porting_lib_tool_actions
[19:40:08] [main/WARN]: Error loading class: me/jellysquid/mods/sodium/client/render/chunk/compile/pipeline/FluidRenderer (java.lang.ClassNotFoundException: me/jellysquid/mods/sodium/client/render/chunk/compile/pipeline/FluidRenderer)
[19:40:08] [main/WARN]: Error loading class: io/wispforest/accessories/impl/AccessoriesEventHandler (java.lang.ClassNotFoundException: io/wispforest/accessories/impl/AccessoriesEventHandler)
[19:40:08] [main/WARN]: @Mixin target io.wispforest.accessories.impl.AccessoriesEventHandler was not found travelersbackpack.mixins.json:AccessoriesEventHandlerMixin from mod travelersbackpack
[19:40:08] [main/WARN]: Error loading class: com/simibubi/create/content/kinetics/base/BlockBreakingKineticBlockEntity (java.lang.ClassNotFoundException: com/simibubi/create/content/kinetics/base/BlockBreakingKineticBlockEntity)
[19:40:08] [main/INFO]: [MemoryLeakFix] Will be applying 1 memory leak fixes!
[19:40:08] [main/INFO]: [MemoryLeakFix] Currently enabled memory leak fixes: [biomeTemperatureLeak]
[19:40:08] [main/WARN]: Error loading class: net/minecraft/class_314 (java.lang.ClassNotFoundException: net/minecraft/class_314)
[19:40:08] [main/WARN]: @Mixin target net.minecraft.class_314 was not found mixins.mm.json:net.minecraft.class_314 from mod mm
[19:40:08] [main/INFO]: Initializing MixinExtras via com.llamalad7.mixinextras.service.MixinExtrasServiceImpl(version=0.4.1).
[19:40:13] [main/WARN]: @Inject(@At("INVOKE")) Shift.BY=2 on porting_lib_entity.mixins.json:common.LivingEntityMixin from mod porting_lib_entity::handler$dap000$porting_lib_entity$port_lib$onFinishUsing exceeds the maximum allowed value: 0. Increase the value of maxShiftBy to suppress this warning.
[19:40:15] [main/WARN]: Method overwrite conflict for method_5837 in eldritch_mobs.mixins.json:MobEntityMixin from mod eldritch_mobs, previously written by com.brutalbosses.mixin.BossCapMixin. Skipping method.
[19:40:16] [main/WARN]: @Inject(@At("INVOKE_ASSIGN")) Shift.BY=1 on palladiumcore-common.mixins.json:LightningBoltMixin from mod palladiumcore::handler$clg000$palladiumcore$tick exceeds the maximum allowed value: 0. Increase the value of maxShiftBy to suppress this warning.
[19:40:18] [main/WARN]: @Inject(@At("INVOKE_ASSIGN")) Shift.BY=2 on refurbished_furniture.common.mixins.json:LevelChunkMixin from mod refurbished_furniture::handler$dhl000$refurbished_furniture$refurbishedFurniture$AfterRemoveBlockEntity exceeds the maximum allowed value: 0. Increase the value of maxShiftBy to suppress this warning.
[19:40:19] [main/WARN]: Static binding violation: PRIVATE @Overwrite method method_21740 in modernfix-common.mixins.json:perf.remove_biome_temperature_cache.BiomeMixin from mod modernfix cannot reduce visibiliy of PUBLIC target method, visibility will be upgraded.
[19:40:19] [main/INFO]: Vanilla bootstrap took 10058 milliseconds
[19:40:20] [main/INFO]: Loaded config amendments-common.json
[19:40:20] [main/INFO]: Registering C2S receiver with id artifacts:networking_channel/42a7ad70b1cc371599a0eff744096b8a
[19:40:20] [main/INFO]: Registering C2S receiver with id artifacts:networking_channel/74a5e841822a3a87854ae896a33430d6
[19:40:20] [main/INFO]: Registering C2S receiver with id artifacts:networking_channel/eb3d1e2748533430848cadf0f37c7e9c
[19:40:20] [main/INFO]: Registering C2S receiver with id artifacts:networking_channel/91c8520f19f93b3e8b6a727568e194ab
[19:40:20] [main/INFO]: Registering C2S receiver with id artifacts:networking_channel/8c2784d778293fd482ed84b8aa5fedb9
[19:40:20] [main/INFO]: Registering C2S receiver with id artifacts:networking_channel/ea038224ea783d40b2863f52239e2604
[19:40:20] [main/INFO]: Registering C2S receiver with id artifacts:networking_channel/97ad64b7ecaf33209991c4f031501a58
[19:40:20] [main/INFO]: Assorted Lib starting up...
[19:40:21] [main/INFO]: Assorted Tools starting up...
[19:40:21] [main/ERROR]: Could not find event initializer for com.grim3212.assorted.lib.events.AnvilUpdatedEvent
[19:40:21] [main/ERROR]: Could not find event initializer for com.grim3212.assorted.lib.events.EntityInteractEvent
[19:40:21] [main/ERROR]: Could not find event initializer for com.grim3212.assorted.lib.events.OnDropStacksEvent
[19:40:21] [main/ERROR]: Could not find event initializer for com.grim3212.assorted.lib.events.CorrectToolForDropEvent
[19:40:21] [main/INFO]: Registered azurelib config for auto-sync function
[19:40:21] [main/INFO]: betterfpsdist mod initialized
[19:40:21] [main/INFO]: Fixing MC-151457. Crafting remainder for minecraft:pufferfish_bucket is now minecraft:bucket.
[19:40:21] [main/INFO]: Fixing MC-151457. Crafting remainder for minecraft:salmon_bucket is now minecraft:bucket.
[19:40:21] [main/INFO]: Fixing MC-151457. Crafting remainder for minecraft:cod_bucket is now minecraft:bucket.
[19:40:21] [main/INFO]: Fixing MC-151457. Crafting remainder for minecraft:tropical_fish_bucket is now minecraft:bucket.
[19:40:21] [main/INFO]: Fixing MC-151457. Crafting remainder for minecraft:axolotl_bucket is now minecraft:bucket.
[19:40:21] [main/INFO]: Fixing MC-151457. Crafting remainder for minecraft:powder_snow_bucket is now minecraft:bucket.
[19:40:21] [main/INFO]: Fixing MC-151457. Crafting remainder for minecraft:tadpole_bucket is now minecraft:bucket.
[19:40:21] [main/INFO]: Brutal bosses initialized
[19:40:22] [main/INFO]: [Clutter] Finished initializing.
[19:40:22] [main/INFO]: Connectivity initialized
[19:40:22] [main/INFO]: fabric loader environment detected
[19:40:23] [main/INFO]: Loaded config for: cupboard.json
[19:40:23] [main/INFO]: Hello Fabric world!
[19:40:23] [main/INFO]: Channelling eldritch energies...
[19:40:24] [main/INFO]: Detected Java version 17. Enabling Java 16 features.
[19:40:24] [main/INFO]: [EssentialCommands]: Mod Load Initiated.
[19:40:24] [main/INFO]: [EssentialCommands]: Mod Load Complete.
[19:40:24] [main/INFO]: ExpandAbility here, who dis?
[19:40:24] [main/INFO]: Hello Fabric world!
[19:40:25] [Thread-6/INFO]: Essential Commands is up to date!
[19:40:25] [main/INFO]: Reflections took 292 ms to scan 2 urls, producing 9 keys and 84 values
[19:40:27] [main/INFO]: Registered JSON trade offer adapter.
[19:40:27] [main/INFO]: Ice And Fire common config version match.
[19:40:27] [main/INFO]: Registering C2S receiver with id identity:favorite
[19:40:27] [main/INFO]: Registering C2S receiver with id identity:request
[19:40:27] [main/INFO]: Registering C2S receiver with id identity:request
[19:40:27] [main/INFO]: Registering C2S receiver with id identity:use_ability
[19:40:27] [main/INFO]: Constructing common components for illagerinvasion:main
[19:40:27] [main/INFO]: 1 Jupiter entrypoint(s) detected: jupiter:jupiter
[19:40:27] [main/INFO]: Initialize mod Library Ferret
[19:40:27] [main/INFO]: Initialized mod Library Ferret
[19:40:28] [main/INFO]: Definitely not up to no good
[19:40:29] [main/INFO]: Constructing common components for mutantmonsters:main
[19:40:29] [main/INFO]: Loading common config for mutantmonsters
[19:40:29] [Thread-4/INFO]: Reloading common config for mutantmonsters
[19:40:29] [Thread-4/INFO]: Reloading common config for mutantmonsters
[19:40:29] [main/INFO]: Constructing common components for puzzleslib:main
[19:40:30] [main/INFO]: Registered synced data key refurbished_furniture:lock_yaw for refurbished_furniture:seat
[19:40:30] [main/INFO]: Shield API initialized!
[19:40:30] [main/INFO]: Registering Items for simplyskills
[19:40:30] [main/INFO]: Registering Entities for simplyskills
[19:40:31] [main/INFO]: [STDOUT]: /workspaces/PibarCube-1.1/servidor_minecraft/config
[19:40:31] [main/INFO]: Hello Fabric world!
[19:40:31] [Thread-9/INFO]: Starting to fetch sponsor list.
[19:40:31] [main/INFO]: Loaded config supplementaries-common.json
[19:40:31] [Thread-9/INFO]: Successfully fetch sponsor list.
[19:40:31] [main/INFO]: Registered region minecraft:overworld to index 0 for type OVERWORLD
[19:40:31] [main/INFO]: Registered region minecraft:nether to index 0 for type NETHER
[19:40:31] [main/INFO]: Registered region clutter:overworld to index 1 for type OVERWORLD
[19:40:31] [main/INFO]: Registered the FluidEffect with Unique ID of minecraft:water for minecraft:water 81000 with the ID 0
[19:40:31] [main/INFO]: Registered the FluidEffect with Unique ID of minecraft:lava for minecraft:lava 81000 with the ID 1
[19:40:31] [main/INFO]: Registered the FluidEffect with Unique ID of travelersbackpack:potion for travelersbackpack:potion_still 27000 with the ID 2
[19:40:31] [main/INFO]: Registered the FluidEffect with Unique ID of travelersbackpack:milk for travelersbackpack:milk_still 81000 with the ID 3
[19:40:32] [main/INFO]: Registering C2S receiver with id whisperwoods:main_channel/cdff7a8a5b4f3f218b5f77ef22e66016
[19:40:32] [main/INFO]: Registering C2S receiver with id whisperwoods:main_channel/773a011a51b630fba84ab824165fbd92
[19:40:32] [main/INFO]: Spooking you...
[19:40:32] [main/INFO]: Summoning a hidebehind to eat you...
[19:40:34] [main/INFO]: Initialized block sets in 26ms
[19:40:34] [main/INFO]: Initialized color sets in 132ms
[19:40:34] [main/INFO]: Finished mod setup in: [0, 1, 0, 1, 0, 0, 23, 4, 1] ms
[19:40:34] [main/INFO]: Loading Xaero's Minimap - Stage 1/2 (Server)
[19:40:34] [main/INFO]: Loading Xaero's World Map - Stage 1/2 (Server)
[19:40:34] [main/INFO]: Environment: authHost='https://authserver.mojang.com', accountsHost='https://api.mojang.com', sessionHost='https://sessionserver.mojang.com', servicesHost='https://api.minecraftservices.com', name='PROD'
[19:40:35] [main/INFO]: Bypassed Mojang DFU
[19:40:35] [main/INFO]: Generated runtime SERVER_DATA for pack Supplementaries Generated Pack (supplementaries) in: 41 ms
[19:40:37] [main/WARN]: Adding spell_power:fire to saved/remote registry.
[19:40:37] [main/WARN]: Adding spell_power:frost to saved/remote registry.
[19:40:37] [main/WARN]: Adding spell_power:arcane to saved/remote registry.
[19:40:37] [main/INFO]: [fabric-registry-sync] Loaded registry data [file 1/4]
[19:40:39] [Worker-Main-1/ERROR]: Couldn't parse data file supplementaries:blocks/cabin_siding from supplementaries:loot_tables/blocks/cabin_siding.json
com.google.gson.JsonParseException: com.google.gson.stream.MalformedJsonException: Expected name at line 10 column 10 path $.pools[0].entries[0].name
	at net.minecraft.class_3518.method_47993(class_3518.java:526) ~[server-intermediary.jar:?]
	at net.minecraft.class_3518.method_15267(class_3518.java:531) ~[server-intermediary.jar:?]
	at net.minecraft.class_3518.method_15276(class_3518.java:581) ~[server-intermediary.jar:?]
	at net.minecraft.class_4309.method_51148(class_4309.java:44) ~[server-intermediary.jar:?]
	at net.minecraft.class_60.method_51189(class_60.java:54) ~[server-intermediary.jar:?]
	at java.util.concurrent.CompletableFuture$AsyncRun.run(CompletableFuture.java:1804) ~[?:?]
	at java.util.concurrent.CompletableFuture$AsyncRun.exec(CompletableFuture.java:1796) ~[?:?]
	at java.util.concurrent.ForkJoinTask.doExec(ForkJoinTask.java:373) ~[?:?]
	at java.util.concurrent.ForkJoinPool$WorkQueue.topLevelExec(ForkJoinPool.java:1182) ~[?:?]
	at java.util.concurrent.ForkJoinPool.scan(ForkJoinPool.java:1655) ~[?:?]
	at java.util.concurrent.ForkJoinPool.runWorker(ForkJoinPool.java:1622) ~[?:?]
	at java.util.concurrent.ForkJoinWorkerThread.run(ForkJoinWorkerThread.java:165) ~[?:?]
Caused by: com.google.gson.stream.MalformedJsonException: Expected name at line 10 column 10 path $.pools[0].entries[0].name
	at com.google.gson.stream.JsonReader.syntaxError(JsonReader.java:1657) ~[gson-2.10.jar:?]
	at com.google.gson.stream.JsonReader.doPeek(JsonReader.java:514) ~[gson-2.10.jar:?]
	at com.google.gson.stream.JsonReader.hasNext(JsonReader.java:422) ~[gson-2.10.jar:?]
	at com.google.gson.internal.bind.TypeAdapters$28.read(TypeAdapters.java:779) ~[gson-2.10.jar:?]
	at com.google.gson.internal.bind.TypeAdapters$28.read(TypeAdapters.java:725) ~[gson-2.10.jar:?]
	at com.google.gson.internal.bind.TypeAdapters$34$1.read(TypeAdapters.java:1007) ~[gson-2.10.jar:?]
	at net.minecraft.class_3518.method_47993(class_3518.java:524) ~[server-intermediary.jar:?]
	... 11 more
[19:40:39] [Worker-Main-1/ERROR]: Couldn't parse data file supplementaries:blocks/cabin_siding_stairs from supplementaries:loot_tables/blocks/cabin_siding_stairs.json
com.google.gson.JsonParseException: com.google.gson.stream.MalformedJsonException: Expected name at line 10 column 10 path $.pools[0].entries[0].name
	at net.minecraft.class_3518.method_47993(class_3518.java:526) ~[server-intermediary.jar:?]
	at net.minecraft.class_3518.method_15267(class_3518.java:531) ~[server-intermediary.jar:?]
	at net.minecraft.class_3518.method_15276(class_3518.java:581) ~[server-intermediary.jar:?]
	at net.minecraft.class_4309.method_51148(class_4309.java:44) ~[server-intermediary.jar:?]
	at net.minecraft.class_60.method_51189(class_60.java:54) ~[server-intermediary.jar:?]
	at java.util.concurrent.CompletableFuture$AsyncRun.run(CompletableFuture.java:1804) ~[?:?]
	at java.util.concurrent.CompletableFuture$AsyncRun.exec(CompletableFuture.java:1796) ~[?:?]
	at java.util.concurrent.ForkJoinTask.doExec(ForkJoinTask.java:373) ~[?:?]
	at java.util.concurrent.ForkJoinPool$WorkQueue.topLevelExec(ForkJoinPool.java:1182) ~[?:?]
	at java.util.concurrent.ForkJoinPool.scan(ForkJoinPool.java:1655) ~[?:?]
	at java.util.concurrent.ForkJoinPool.runWorker(ForkJoinPool.java:1622) ~[?:?]
	at java.util.concurrent.ForkJoinWorkerThread.run(ForkJoinWorkerThread.java:165) ~[?:?]
Caused by: com.google.gson.stream.MalformedJsonException: Expected name at line 10 column 10 path $.pools[0].entries[0].name
	at com.google.gson.stream.JsonReader.syntaxError(JsonReader.java:1657) ~[gson-2.10.jar:?]
	at com.google.gson.stream.JsonReader.doPeek(JsonReader.java:514) ~[gson-2.10.jar:?]
	at com.google.gson.stream.JsonReader.hasNext(JsonReader.java:422) ~[gson-2.10.jar:?]
	at com.google.gson.internal.bind.TypeAdapters$28.read(TypeAdapters.java:779) ~[gson-2.10.jar:?]
	at com.google.gson.internal.bind.TypeAdapters$28.read(TypeAdapters.java:725) ~[gson-2.10.jar:?]
	at com.google.gson.internal.bind.TypeAdapters$34$1.read(TypeAdapters.java:1007) ~[gson-2.10.jar:?]
	at net.minecraft.class_3518.method_47993(class_3518.java:524) ~[server-intermediary.jar:?]
	... 11 more
[19:40:47] [main/ERROR]: Parsing error loading recipe spellbladenext:eviscerateoil
com.google.gson.JsonSyntaxException: Unknown item 'spellbladenext:eviscerateoil'
	at net.minecraft.class_1869.method_17878(class_1869.java:272) ~[server-intermediary.jar:?]
	at java.util.Optional.orElseThrow(Optional.java:403) ~[?:?]
	at net.minecraft.class_1869.method_8155(class_1869.java:272) ~[server-intermediary.jar:?]
	at net.minecraft.class_1869.method_35228(class_1869.java:259) ~[server-intermediary.jar:?]
	at net.minecraft.class_8060$class_8061.method_48455(class_8060.java:90) ~[server-intermediary.jar:?]
	at net.minecraft.class_8060$class_8061.method_8121(class_8060.java:84) ~[server-intermediary.jar:?]
	at net.minecraft.class_1863.method_17720(class_1863.java:135) ~[server-intermediary.jar:?]
	at net.minecraft.class_1863.method_20705(class_1863.java:56) ~[server-intermediary.jar:?]
	at net.minecraft.class_1863.method_18788(class_1863.java:35) ~[server-intermediary.jar:?]
	at net.minecraft.class_4080.method_18790(class_4080.java:13) ~[server-intermediary.jar:?]
	at java.util.concurrent.CompletableFuture$UniAccept.tryFire(CompletableFuture.java:718) ~[?:?]
	at java.util.concurrent.CompletableFuture$Completion.run(CompletableFuture.java:482) ~[?:?]
	at net.minecraft.class_4014.method_18365(class_4014.java:69) ~[server-intermediary.jar:?]
	at net.minecraft.class_156.method_43498(class_156.java:950) ~[server-intermediary.jar:?]
	at net.minecraft.class_156.method_43499(class_156.java:938) ~[server-intermediary.jar:?]
	at net.minecraft.server.Main.main(Main.java:160) ~[server-intermediary.jar:?]
	at net.fabricmc.loader.impl.game.minecraft.MinecraftGameProvider.launch(MinecraftGameProvider.java:480) ~[fabric-loader-0.16.9.jar:?]
	at net.fabricmc.loader.impl.launch.knot.Knot.launch(Knot.java:74) ~[fabric-loader-0.16.9.jar:?]
	at net.fabricmc.loader.impl.launch.knot.KnotServer.main(KnotServer.java:23) ~[fabric-loader-0.16.9.jar:?]
	at net.fabricmc.loader.impl.launch.server.FabricServerLauncher.main(FabricServerLauncher.java:69) ~[fabric-loader-0.16.9.jar:?]
	at net.fabricmc.installer.ServerLauncher.main(ServerLauncher.java:69) ~[fabric-server-launch.jar:1.0.1]
[19:40:47] [main/ERROR]: Parsing error loading recipe supplementaries:integration/lapis_bricks_fd
com.google.gson.JsonParseException: An ingredient entry needs either a tag or an item
	at net.minecraft.class_1856.method_8107(class_1856.java:167) ~[server-intermediary.jar:?]
	at net.minecraft.class_1856.method_8102(class_1856.java:143) ~[server-intermediary.jar:?]
	at net.minecraft.class_1856.method_52177(class_1856.java:135) ~[server-intermediary.jar:?]
	at vectorwing.farmersdelight.common.crafting.CuttingBoardRecipe$Serializer.fromJson(CuttingBoardRecipe.java:176) ~[FarmersDelight-1.20.1-2.1.6+refabricated.jar:?]
	at vectorwing.farmersdelight.common.crafting.CuttingBoardRecipe$Serializer.method_8121(CuttingBoardRecipe.java:166) ~[FarmersDelight-1.20.1-2.1.6+refabricated.jar:?]
	at net.minecraft.class_1863.method_17720(class_1863.java:135) ~[server-intermediary.jar:?]
	at net.minecraft.class_1863.method_20705(class_1863.java:56) ~[server-intermediary.jar:?]
	at net.minecraft.class_1863.method_18788(class_1863.java:35) ~[server-intermediary.jar:?]
	at net.minecraft.class_4080.method_18790(class_4080.java:13) ~[server-intermediary.jar:?]
	at java.util.concurrent.CompletableFuture$UniAccept.tryFire(CompletableFuture.java:718) ~[?:?]
	at java.util.concurrent.CompletableFuture$Completion.run(CompletableFuture.java:482) ~[?:?]
	at net.minecraft.class_4014.method_18365(class_4014.java:69) ~[server-intermediary.jar:?]
	at net.minecraft.class_156.method_43498(class_156.java:950) ~[server-intermediary.jar:?]
	at net.minecraft.class_156.method_43499(class_156.java:938) ~[server-intermediary.jar:?]
	at net.minecraft.server.Main.main(Main.java:160) ~[server-intermediary.jar:?]
	at net.fabricmc.loader.impl.game.minecraft.MinecraftGameProvider.launch(MinecraftGameProvider.java:480) ~[fabric-loader-0.16.9.jar:?]
	at net.fabricmc.loader.impl.launch.knot.Knot.launch(Knot.java:74) ~[fabric-loader-0.16.9.jar:?]
	at net.fabricmc.loader.impl.launch.knot.KnotServer.main(KnotServer.java:23) ~[fabric-loader-0.16.9.jar:?]
	at net.fabricmc.loader.impl.launch.server.FabricServerLauncher.main(FabricServerLauncher.java:69) ~[fabric-loader-0.16.9.jar:?]
	at net.fabricmc.installer.ServerLauncher.main(ServerLauncher.java:69) ~[fabric-server-launch.jar:1.0.1]
[19:40:47] [main/ERROR]: Parsing error loading recipe spellbladenext:finalstrikeoil
com.google.gson.JsonSyntaxException: Unknown item 'spellbladenext:finalstrikeoil'
	at net.minecraft.class_1869.method_17878(class_1869.java:272) ~[server-intermediary.jar:?]
	at java.util.Optional.orElseThrow(Optional.java:403) ~[?:?]
	at net.minecraft.class_1869.method_8155(class_1869.java:272) ~[server-intermediary.jar:?]
	at net.minecraft.class_1869.method_35228(class_1869.java:259) ~[server-intermediary.jar:?]
	at net.minecraft.class_8060$class_8061.method_48455(class_8060.java:90) ~[server-intermediary.jar:?]
	at net.minecraft.class_8060$class_8061.method_8121(class_8060.java:84) ~[server-intermediary.jar:?]
	at net.minecraft.class_1863.method_17720(class_1863.java:135) ~[server-intermediary.jar:?]
	at net.minecraft.class_1863.method_20705(class_1863.java:56) ~[server-intermediary.jar:?]
	at net.minecraft.class_1863.method_18788(class_1863.java:35) ~[server-intermediary.jar:?]
	at net.minecraft.class_4080.method_18790(class_4080.java:13) ~[server-intermediary.jar:?]
	at java.util.concurrent.CompletableFuture$UniAccept.tryFire(CompletableFuture.java:718) ~[?:?]
	at java.util.concurrent.CompletableFuture$Completion.run(CompletableFuture.java:482) ~[?:?]
	at net.minecraft.class_4014.method_18365(class_4014.java:69) ~[server-intermediary.jar:?]
	at net.minecraft.class_156.method_43498(class_156.java:950) ~[server-intermediary.jar:?]
	at net.minecraft.class_156.method_43499(class_156.java:938) ~[server-intermediary.jar:?]
	at net.minecraft.server.Main.main(Main.java:160) ~[server-intermediary.jar:?]
	at net.fabricmc.loader.impl.game.minecraft.MinecraftGameProvider.launch(MinecraftGameProvider.java:480) ~[fabric-loader-0.16.9.jar:?]
	at net.fabricmc.loader.impl.launch.knot.Knot.launch(Knot.java:74) ~[fabric-loader-0.16.9.jar:?]
	at net.fabricmc.loader.impl.launch.knot.KnotServer.main(KnotServer.java:23) ~[fabric-loader-0.16.9.jar:?]
	at net.fabricmc.loader.impl.launch.server.FabricServerLauncher.main(FabricServerLauncher.java:69) ~[fabric-loader-0.16.9.jar:?]
	at net.fabricmc.installer.ServerLauncher.main(ServerLauncher.java:69) ~[fabric-server-launch.jar:1.0.1]
[19:40:47] [main/ERROR]: Parsing error loading recipe spellbladenext:flickerstrikeoil
com.google.gson.JsonSyntaxException: Unknown item 'spellbladenext:flickerstrikeoil'
	at net.minecraft.class_1869.method_17878(class_1869.java:272) ~[server-intermediary.jar:?]
	at java.util.Optional.orElseThrow(Optional.java:403) ~[?:?]
	at net.minecraft.class_1869.method_8155(class_1869.java:272) ~[server-intermediary.jar:?]
	at net.minecraft.class_1869.method_35228(class_1869.java:259) ~[server-intermediary.jar:?]
	at net.minecraft.class_8060$class_8061.method_48455(class_8060.java:90) ~[server-intermediary.jar:?]
	at net.minecraft.class_8060$class_8061.method_8121(class_8060.java:84) ~[server-intermediary.jar:?]
	at net.minecraft.class_1863.method_17720(class_1863.java:135) ~[server-intermediary.jar:?]
	at net.minecraft.class_1863.method_20705(class_1863.java:56) ~[server-intermediary.jar:?]
	at net.minecraft.class_1863.method_18788(class_1863.java:35) ~[server-intermediary.jar:?]
	at net.minecraft.class_4080.method_18790(class_4080.java:13) ~[server-intermediary.jar:?]
	at java.util.concurrent.CompletableFuture$UniAccept.tryFire(CompletableFuture.java:718) ~[?:?]
	at java.util.concurrent.CompletableFuture$Completion.run(CompletableFuture.java:482) ~[?:?]
	at net.minecraft.class_4014.method_18365(class_4014.java:69) ~[server-intermediary.jar:?]
	at net.minecraft.class_156.method_43498(class_156.java:950) ~[server-intermediary.jar:?]
	at net.minecraft.class_156.method_43499(class_156.java:938) ~[server-intermediary.jar:?]
	at net.minecraft.server.Main.main(Main.java:160) ~[server-intermediary.jar:?]
	at net.fabricmc.loader.impl.game.minecraft.MinecraftGameProvider.launch(MinecraftGameProvider.java:480) ~[fabric-loader-0.16.9.jar:?]
	at net.fabricmc.loader.impl.launch.knot.Knot.launch(Knot.java:74) ~[fabric-loader-0.16.9.jar:?]
	at net.fabricmc.loader.impl.launch.knot.KnotServer.main(KnotServer.java:23) ~[fabric-loader-0.16.9.jar:?]
	at net.fabricmc.loader.impl.launch.server.FabricServerLauncher.main(FabricServerLauncher.java:69) ~[fabric-loader-0.16.9.jar:?]
	at net.fabricmc.installer.ServerLauncher.main(ServerLauncher.java:69) ~[fabric-server-launch.jar:1.0.1]
[19:40:47] [main/ERROR]: Parsing error loading recipe supplementaries:integration/ash_bricks_fd
com.google.gson.JsonParseException: An ingredient entry needs either a tag or an item
	at net.minecraft.class_1856.method_8107(class_1856.java:167) ~[server-intermediary.jar:?]
	at net.minecraft.class_1856.method_8102(class_1856.java:143) ~[server-intermediary.jar:?]
	at net.minecraft.class_1856.method_52177(class_1856.java:135) ~[server-intermediary.jar:?]
	at vectorwing.farmersdelight.common.crafting.CuttingBoardRecipe$Serializer.fromJson(CuttingBoardRecipe.java:176) ~[FarmersDelight-1.20.1-2.1.6+refabricated.jar:?]
	at vectorwing.farmersdelight.common.crafting.CuttingBoardRecipe$Serializer.method_8121(CuttingBoardRecipe.java:166) ~[FarmersDelight-1.20.1-2.1.6+refabricated.jar:?]
	at net.minecraft.class_1863.method_17720(class_1863.java:135) ~[server-intermediary.jar:?]
	at net.minecraft.class_1863.method_20705(class_1863.java:56) ~[server-intermediary.jar:?]
	at net.minecraft.class_1863.method_18788(class_1863.java:35) ~[server-intermediary.jar:?]
	at net.minecraft.class_4080.method_18790(class_4080.java:13) ~[server-intermediary.jar:?]
	at java.util.concurrent.CompletableFuture$UniAccept.tryFire(CompletableFuture.java:718) ~[?:?]
	at java.util.concurrent.CompletableFuture$Completion.run(CompletableFuture.java:482) ~[?:?]
	at net.minecraft.class_4014.method_18365(class_4014.java:69) ~[server-intermediary.jar:?]
	at net.minecraft.class_156.method_43498(class_156.java:950) ~[server-intermediary.jar:?]
	at net.minecraft.class_156.method_43499(class_156.java:938) ~[server-intermediary.jar:?]
	at net.minecraft.server.Main.main(Main.java:160) ~[server-intermediary.jar:?]
	at net.fabricmc.loader.impl.game.minecraft.MinecraftGameProvider.launch(MinecraftGameProvider.java:480) ~[fabric-loader-0.16.9.jar:?]
	at net.fabricmc.loader.impl.launch.knot.Knot.launch(Knot.java:74) ~[fabric-loader-0.16.9.jar:?]
	at net.fabricmc.loader.impl.launch.knot.KnotServer.main(KnotServer.java:23) ~[fabric-loader-0.16.9.jar:?]
	at net.fabricmc.loader.impl.launch.server.FabricServerLauncher.main(FabricServerLauncher.java:69) ~[fabric-loader-0.16.9.jar:?]
	at net.fabricmc.installer.ServerLauncher.main(ServerLauncher.java:69) ~[fabric-server-launch.jar:1.0.1]
[19:40:47] [main/INFO]: Loaded 22 recipes
[19:40:47] [main/ERROR]: Parsing error loading custom advancement naturescompass:natures_compass: Expected items to be a JsonArray, was "min...ss"
[19:40:47] [main/ERROR]: Parsing error loading custom advancement explorerscompass:explorers_compass: Expected items to be a JsonArray, was "min...ss"
[19:40:47] [main/ERROR]: Parsing error loading custom advancement explorerscompass:explorers_compass_cobweb: Expected items to be a JsonArray, was "min...eb"
[19:40:47] [main/ERROR]: Parsing error loading custom advancement explorerscompass:explorers_compass_cracked_stone_bricks: Expected items to be a JsonArray, was "min...ks"
[19:40:47] [main/INFO]: Loaded 3924 advancements
[19:40:47] [main/ERROR]: Ice And Fire compatibility is not enabled for Better Village and Ice And Fire is present in your mod list.
     - Please install the datapack for better compatibility between Better Villages and Ice And Fire.
     - You can find the datapack URL in the `compatibility` section of the Better Villages description.
     - URL=https://www.curseforge.com/minecraft/mc-mods/better-village-fabric
[19:40:47] [main/INFO]: Loaded boss variant for: minecraft:drowned
[19:40:47] [main/INFO]: Loaded boss variant for: minecraft:iron_golem
[19:40:47] [main/INFO]: Loaded boss variant for: minecraft:snow_golem
[19:40:47] [main/INFO]: Loaded boss variant for: minecraft:zombie
[19:40:47] [main/INFO]: Loaded boss variant for: minecraft:skeleton
[19:40:47] [main/INFO]: Loaded boss variant for: minecraft:pillager
[19:40:47] [main/INFO]: Loaded boss variant for: minecraft:vex
[19:40:47] [main/INFO]: Loaded boss variant for: minecraft:evoker
[19:40:47] [main/INFO]: Loaded boss variant for: minecraft:zombie
[19:40:48] [main/INFO]: Loaded boss variant for: minecraft:vindicator
[19:40:48] [main/INFO]: Loaded boss variant for: minecraft:wither_skeleton
[19:40:48] [main/INFO]: Loaded boss variant for: minecraft:wither_skeleton
[19:40:48] [main/INFO]: Loaded boss variant for: minecraft:cave_spider
[19:40:48] [main/INFO]: Loaded boss variant for: minecraft:zombie
[19:40:48] [main/INFO]: Loaded boss variant for: minecraft:husk
[19:40:48] [main/INFO]: Loaded boss variant for: minecraft:evoker
[19:40:48] [main/INFO]: Loaded boss variant for: minecraft:wandering_trader
[19:40:48] [main/INFO]: Loaded boss variant for: minecraft:guardian
[19:40:48] [main/INFO]: Loaded boss variant for: minecraft:vindicator
[19:40:48] [main/INFO]: Loaded boss variant for: minecraft:shulker
[19:40:48] [main/INFO]: Loaded boss variant for: minecraft:zoglin
[19:40:48] [main/INFO]: Loaded boss variant for: minecraft:chicken
[19:40:48] [main/INFO]: Loaded boss variant for: minecraft:blaze
[19:40:48] [main/INFO]: Loaded boss variant for: minecraft:witch
[19:40:48] [main/INFO]: Loaded boss variant for: minecraft:phantom
[19:40:48] [main/INFO]: Loaded boss variant for: minecraft:mooshroom
[19:40:48] [main/INFO]: Loaded boss variant for: minecraft:rabbit
[19:40:48] [main/INFO]: Loaded boss variant for: minecraft:piglin_brute
[19:40:48] [main/INFO]: Loaded boss variant for: minecraft:ghast
[19:40:48] [main/INFO]: Loaded boss variant for: minecraft:stray
[19:40:48] [main/INFO]: Ice And Fire common config version match.
[19:40:48] [main/INFO]: Successfully reload 2 server config(s).
[19:40:48] [main/WARN]: Could not decode GlobalLootModifier with json id doggytalents:rice_from_grass_modifier - error: Unknown registry key in ResourceKey[minecraft:root / porting_lib:global_loot_modifier_serializers]: doggytalents:rice_from_grass
[19:40:48] [main/WARN]: Could not decode GlobalLootModifier with json id doggytalents:soy_from_zombie_modifier - error: Unknown registry key in ResourceKey[minecraft:root / porting_lib:global_loot_modifier_serializers]: doggytalents:soy_from_zombie
[19:40:48] [main/WARN]: Could not decode GlobalLootModifier with json id supplementaries:ash_from_burning_mobs - error: Unknown registry key in ResourceKey[minecraft:root / porting_lib:global_loot_modifier_serializers]: moonlight:add_item
[19:40:48] [main/WARN]: Could not decode GlobalLootModifier with json id supplementaries:straw_from_flax - error: Unknown registry key in ResourceKey[minecraft:root / porting_lib:global_loot_modifier_serializers]: moonlight:add_item
[19:40:48] [main/WARN]: Could not decode GlobalLootModifier with json id supplementaries:fishing_antique_ink - error: Unknown registry key in ResourceKey[minecraft:root / porting_lib:global_loot_modifier_serializers]: moonlight:add_item
[19:40:48] [main/WARN]: Could not decode GlobalLootModifier with json id supplementaries:fishing_antique_ink_treasure - error: Unknown registry key in ResourceKey[minecraft:root / porting_lib:global_loot_modifier_serializers]: moonlight:add_item
[19:40:48] [main/WARN]: Could not decode GlobalLootModifier with json id supplementaries:replace_rope - error: Unknown registry key in ResourceKey[minecraft:root / porting_lib:global_loot_modifier_serializers]: supplementaries:replace_rope
[19:40:48] [Thread-12/INFO]: Loaded 113 translation keys
[19:40:48] [main/INFO]: Loaded 27 flute songs
[19:40:48] [main/INFO]: Applied 7 data villager trades
[19:40:48] [main/WARN]: Method overwrite conflict for computeValue in spellbladenext.mixins.json:AttributeMixin from mod spellbladenext, previously written by com.extraspellattributes.mixin.AttributeMixin. Skipping method.
[19:40:48] [main/WARN]: Method overwrite conflict for computeAdded in spellbladenext.mixins.json:AttributeMixin from mod spellbladenext, previously written by com.extraspellattributes.mixin.AttributeMixin. Skipping method.
[19:40:48] [main/INFO]: Finished additional setup in 0 ms
[19:40:49] [main/INFO]: Initialized TerraBlender biomes for level stem minecraft:overworld
[19:40:49] [main/INFO]: Initialized TerraBlender biomes for level stem minecraft:the_nether
[19:40:49] [main/INFO]: Applied 1399 biome modifications to 68 of 68 new biomes in 84.88 ms
[19:40:49] [main/INFO]: [majruszlibrary.json] Reloading configuration file took 2 milliseconds
[19:40:49] [main/INFO]: [majruszsdifficulty.json] Reloading configuration file took 13 milliseconds
[19:40:49] [Server thread/INFO]: Loading server config for illagerinvasion
[19:40:49] [Thread-4/INFO]: Reloading server config for illagerinvasion
[19:40:49] [Thread-4/INFO]: Reloading server config for illagerinvasion
[19:40:49] [Server thread/INFO]: Loading server config for mutantmonsters
[19:40:49] [Thread-4/INFO]: Reloading server config for mutantmonsters
[19:40:49] [Thread-4/INFO]: Reloading server config for mutantmonsters
[19:40:49] [Server thread/INFO]: Successfully loaded './world/./serverconfig/whisperwoods-server.json5'
[19:40:49] [Server thread/INFO]: Successfully loaded './config/whisperwoods-client.json5'
[19:40:49] [Server thread/INFO]: Loading server configs...
[19:40:49] [Server thread/INFO]: [puffish_skills] Mod configuration loaded successfully!
[19:40:50] [Server thread/WARN]: [puffish_skills] Data pack `simplyskills` loaded successfully with warning(s):
Data pack `simplyskills` uses outdated version. Please update the configuration version to 3 at `version` at `simplyskills:puffish_skills/config.json`
[19:40:50] [Server thread/INFO]: [STDOUT]: Encoded SpellRegistry size (with package overhead): 408477 bytes (in 41 string chunks with the size of 10000)
[19:40:51] [Server thread/INFO]:         __    
[19:40:51] [Server thread/INFO]:   |    |__)   LuckPerms v5.4.102
[19:40:51] [Server thread/INFO]:   |___ |      Running on Fabric - fabric@0.92.2+1.20.1
[19:40:51] [Server thread/INFO]: 
[19:40:51] [Server thread/INFO]: Loading configuration...
[19:40:51] [Server thread/INFO]: Loading storage provider... [H2]
[19:40:52] [Server thread/INFO]: Loading internal permission managers...
[19:40:52] [Server thread/INFO]: Performing initial data load...
[19:40:52] [Server thread/INFO]: Successfully enabled. (took 1636ms)
[19:40:52] [Server thread/INFO]: Starting minecraft server version 1.20.1
[19:40:52] [Server thread/INFO]: Loading properties
[19:40:52] [Server thread/INFO]: Default game type: SURVIVAL
[19:40:52] [Server thread/INFO]: Generating keypair
[19:40:52] [Server thread/INFO]: Starting Minecraft server on *:25565
[19:40:52] [Server thread/INFO]: Using epoll channel type
[19:40:53] [e4mc_minecraft-init/INFO]: req: https://broker.e4mc.link/getBestRelay GET
[19:40:53] [Server thread/INFO]: Using epoll channel type
[19:40:53] [Server thread/WARN]: **** SERVER IS RUNNING IN OFFLINE/INSECURE MODE!
[19:40:53] [Server thread/WARN]: The server will make no attempt to authenticate usernames. Beware.
[19:40:53] [Server thread/WARN]: While this makes the game possible to play without internet access, it also opens up the ability for hackers to connect with any username they choose.
[19:40:53] [Server thread/WARN]: To change this, set "online-mode" to "true" in the server.properties file.
[19:40:53] [e4mc_minecraft-init/INFO]: resp: (GET https://broker.e4mc.link/getBestRelay) 200
[19:40:53] [e4mc_minecraft-init/INFO]: using relay na
[19:40:53] [Server thread/INFO]: Preparing level "world"
[19:40:54] [nioEventLoopGroup-2-1/INFO]: control channel open: [id: 0xc32ffc4b, QuicStreamAddress{streamId=0}]
[19:40:54] [nioEventLoopGroup-2-1/INFO]: control channel write complete
[19:40:54] [nioEventLoopGroup-2-1/WARN]: e4mc running on Dedicated Server; This works, but isn't recommended as e4mc is designed for short-lived LAN servers
[19:40:54] [nioEventLoopGroup-2-1/INFO]: Domain assigned: above-vote.na.e4mc.link
[19:40:55] [Server thread/INFO]: Preparing start region for dimension minecraft:overworld
[19:41:01] [Server thread/INFO]: Time elapsed: 8014186 ms
[19:41:01] [Server thread/INFO]: Done (8.341s)! For help, type "help"
[19:41:01] [Server thread/WARN]: Dedicated server took 59.31 seconds to load
[19:41:02] [Server thread/INFO]: Encoded Weapon Attribute registry size (with package overhead): 223226 bytes (in 23 string chunks with the size of 10000)
[19:41:02] [Server thread/INFO]: Loaded config for: connectivity.json
[19:41:02] [Server thread/INFO]: Loaded config for: betterfpsdist.json
[19:41:02] [Server thread/INFO]: Loaded config for: smoothchunk.json
[19:41:02] [Server thread/INFO]: Loaded config for: brutalbosses.json
[19:41:02] [Server thread/INFO]: Start loading plugin from Ice And Fire
[19:41:02] [Server thread/INFO]: Start loading plugin from Jade
[19:41:02] [Server thread/INFO]: Start loading plugin from Jade
[19:41:02] [Server thread/INFO]: Start loading plugin from Jade
[19:41:02] [Server thread/INFO]: Start loading plugin from Polymer (Core)
[19:41:02] [Server thread/INFO]: Start loading plugin from Supplementaries
[19:41:02] [Server thread/INFO]: Possible world ids: spellbladenext:glassocean,minecraft:overworld,minecraft:the_end,graveyard:past,minecraft:the_nether
[19:41:02] [Server thread/INFO]: Configured `rtp_enabled_worlds` world ids: minecraft:overworld
[19:41:02] [Server thread/INFO]: All configured `rtp_enabled_worlds` world ids are valid.
[19:41:02] [Server thread/INFO]: Loading Xaero's Minimap - Stage 2/2 (Server)
[19:41:02] [Server thread/INFO]: Loading Xaero's World Map - Stage 2/2 (Server)
[19:41:18] [Server thread/INFO]: Chechales[/127.156.223.113:57071] logged in with entity id 166 at (289.8187774603858, 74.0, 87.09620359548352)
[19:41:18] [Server thread/INFO]: Syncing config to Chechales (6112cf72-236b-37ce-865f-ecb01133bdbd)
[19:41:18] [Server thread/INFO]: Loading config from file...
[19:41:18] [Server thread/INFO]: [Essential Commands] Loading PlayerData for player with uuid '6112cf72-236b-37ce-865f-ecb01133bdbd'.
[19:41:18] [Server thread/INFO]: Chechales joined the game
[19:41:18] [Server thread/INFO]: [Essential Commands] Loading PlayerProfile for player with uuid '6112cf72-236b-37ce-865f-ecb01133bdbd'.
[19:41:21] [Server thread/WARN]: Can't keep up! Is the server overloaded? Running 2100ms or 42 ticks behind
[19:43:31] [luckperms-command-executor/INFO]: [LP] LOG > (Chechales) [G] (players)
[19:43:31] [luckperms-command-executor/INFO]: [LP] LOG > permission set minecraft.tp true
[19:43:46] [luckperms-command-executor/INFO]: [LP] LOG > (Chechales) [G] (players)
[19:43:46] [luckperms-command-executor/INFO]: [LP] LOG > permission set command.tp true
[19:43:50] [luckperms-command-executor/INFO]: [LP] LOG > (Chechales) [G] (players)
[19:43:50] [luckperms-command-executor/INFO]: [LP] LOG > permission set commands.tp true
[19:43:56] [Server thread/INFO]: [Chechales: Made Chechales no longer a server operator]
[19:44:43] [luckperms-command-executor/INFO]: [LP] LOG > (Chechales) [G] (players)
[19:44:43] [luckperms-command-executor/INFO]: [LP] LOG > permission set minecraft.commands.tp true
[19:44:47] [luckperms-command-executor/INFO]: [LP] LOG > (Chechales) [G] (players)
[19:44:47] [luckperms-command-executor/INFO]: [LP] LOG > permission set minecraft.commands.tpa true
[19:44:58] [luckperms-command-executor/INFO]: [LP] LOG > (Chechales) [G] (players)
[19:44:58] [luckperms-command-executor/INFO]: [LP] LOG > permission set commands.tpa true
[19:46:03] [Server thread/INFO]: [STDOUT]: []
[19:49:45] [Server thread/INFO]: BambyCryed[/127.173.100.239:44631] logged in with entity id 1080 at (583.9703111018247, 62.75922283759853, 359.12741709893004)
[19:49:45] [Server thread/INFO]: Syncing config to BambyCryed (4a3ca16d-bb49-389f-8b92-a3f96c63ba1a)
[19:49:45] [Server thread/INFO]: Loading config from file...
[19:49:45] [Server thread/INFO]: [Essential Commands] Loading PlayerData for player with uuid '4a3ca16d-bb49-389f-8b92-a3f96c63ba1a'.
[19:49:45] [Server thread/INFO]: BambyCryed joined the game
[19:49:45] [Server thread/INFO]: [Essential Commands] Loading PlayerProfile for player with uuid '4a3ca16d-bb49-389f-8b92-a3f96c63ba1a'.
[19:49:50] [Server thread/WARN]: Can't keep up! Is the server overloaded? Running 2088ms or 41 ticks behind
[19:50:36] [Server thread/WARN]: Guartinajito (vehicle of BambyCryed) moved wrongly! 1.0208011635016865
[19:50:56] [Server thread/INFO]: [Not Secure] <BambyCryed> que fue pues
[19:51:05] [Server thread/INFO]: [STDOUT]: []
[19:52:06] [Server thread/INFO]: [Not Secure] <Chechales> podei hace tp/
[19:52:07] [Server thread/INFO]: [Not Secure] <Chechales> ?
[19:52:14] [Server thread/INFO]: [Not Secure] <Chechales> con '/tpa'
[19:52:29] [Server thread/INFO]: [Not Secure] <Chechales> y sethome?
[19:52:29] [Server thread/INFO]: [Not Secure] <BambyCryed> sisas
[19:52:32] [Server thread/INFO]: [Not Secure] <Chechales> de casualidad?
[19:53:07] [Server thread/INFO]: [Not Secure] <BambyCryed> sisas
[19:53:12] [Server thread/INFO]: [Not Secure] <BambyCryed> es /home set
[19:53:29] [Server thread/INFO]: [Not Secure] <Chechales> nice
[19:53:33] [Server thread/INFO]: [Not Secure] <Chechales> tonces ya esta :D
[19:53:45] [Server thread/INFO]: [Not Secure] <BambyCryed> melo
[19:53:48] [Server thread/INFO]: BambyCryed lost connection: Disconnected
[19:53:48] [Server thread/INFO]: BambyCryed left the game
[19:56:05] [Server thread/INFO]: [STDOUT]: []
[19:58:53] [Server thread/INFO]: Named entity class_1642['Lethargic Toxic Zombie'/3027, l='ServerLevel[world]', x=181.50, y=21.00, z=180.50] died: Lethargic Toxic Zombie suffocated in a wall
[20:01:05] [Server thread/INFO]: [STDOUT]: []
[20:01:42] [Server thread/INFO]: Made Chechales a server operator
[20:01:43] [Server thread/INFO]: Unknown or incomplete command, see below for error
[20:01:43] [Server thread/INFO]: teleportEnabled = true<--[HERE]
[20:02:02] [Server thread/INFO]: [Chechales: Set the weather to rain & thunder]
[20:02:32] [Server thread/INFO]: [Chechales: Set the weather to rain & thunder]
[20:02:36] [Server thread/INFO]: [Chechales: Set own game mode to Survival Mode]
[20:06:03] [Server thread/INFO]: Named entity class_5762['Duplicator Withering Stormy Lethargic Lifesteal Axolotl'/38, l='ServerLevel[world]', x=-85.50, y=12.00, z=-83.92] died: Duplicator Withering Stormy Lethargic Lifesteal Axolotl died from dehydration
[20:06:05] [Server thread/INFO]: [STDOUT]: []
[20:06:09] [Server thread/INFO]: [Chechales: Set own game mode to Creative Mode]
[20:08:40] [Server thread/INFO]: Chechales has made the advancement [Suit Up]
[20:11:05] [Server thread/INFO]: [STDOUT]: []
[20:12:31] [Server thread/INFO]: [Chechales: Set own game mode to Survival Mode]
[20:12:56] [Server thread/INFO]: [Chechales: Set the time to 1000]
[20:16:05] [Server thread/INFO]: [STDOUT]: []
[20:16:20] [Server thread/INFO]: [Chechales: Set own game mode to Creative Mode]
[20:16:34] [Server thread/INFO]: Chechales has made the advancement [Dragon Growth Hormone]
[20:16:57] [Server thread/INFO]: [Chechales: Set own game mode to Survival Mode]
[20:21:05] [Server thread/INFO]: [STDOUT]: []
[20:26:04] [Server thread/INFO]: Chechales lost connection: Disconnected
[20:26:04] [Server thread/INFO]: Chechales left the game
[20:26:05] [Server thread/INFO]: [STDOUT]: []
[20:31:05] [Server thread/INFO]: [STDOUT]: []
[20:36:05] [Server thread/INFO]: [STDOUT]: []
[20:37:30] [Server thread/INFO]: Stopping the server
[20:37:30] [Server thread/INFO]: Starting shutdown process...
[20:37:30] [Server thread/INFO]: Closing storage...
[20:37:31] [Server thread/INFO]: Goodbye!
[20:37:31] [Server thread/INFO]: Stopping server
[20:37:31] [Server thread/INFO]: Saving players
[20:37:31] [Server thread/INFO]: Saving worlds
[20:37:31] [Server thread/INFO]: Saving chunks for level 'ServerLevel[world]'/minecraft:overworld
[20:37:31] [Server thread/INFO]: [STDOUT]: []
[20:37:31] [Server thread/INFO]: Saving chunks for level 'ServerLevel[world]'/spellbladenext:glassocean
[20:37:31] [Server thread/INFO]: Saving chunks for level 'ServerLevel[world]'/minecraft:the_end
[20:37:31] [Server thread/INFO]: Saving chunks for level 'ServerLevel[world]'/graveyard:past
[20:37:31] [Server thread/INFO]: Saving chunks for level 'ServerLevel[world]'/minecraft:the_nether
[20:37:31] [Server thread/INFO]: ThreadedAnvilChunkStorage (world): All chunks are saved
[20:37:31] [Server thread/INFO]: ThreadedAnvilChunkStorage (glassocean): All chunks are saved
[20:37:31] [Server thread/INFO]: ThreadedAnvilChunkStorage (DIM1): All chunks are saved
[20:37:31] [Server thread/INFO]: ThreadedAnvilChunkStorage (past): All chunks are saved
[20:37:31] [Server thread/INFO]: ThreadedAnvilChunkStorage (DIM-1): All chunks are saved
[20:37:31] [Server thread/INFO]: ThreadedAnvilChunkStorage: All dimensions are saved
[20:37:31] [Server thread/INFO]: Unloading server configs...
[20:37:31] [Server thread/INFO]: Sending config unload event for refurbished_furniture.server.toml
[20:37:31] [Server thread/INFO]: Sending config unload event for goblintraders-entities.toml
